<?xml version="1.0" encoding="UTF-8"?>
<!-- Generated by org.testng.reporters.JUnitReportReporter -->
<testsuite hostname="LAPTOP-HFCPG5NQ" failures="0" tests="6" name="BasicTestng.TestngBasic" time="0.010" errors="0" timestamp="2021-09-11T15:24:05 IST" skipped="0">
  <testcase classname="BasicTestng.TestngBasic" name="e" time="0.002"/>
  <system-out/>
  <testcase classname="BasicTestng.TestngBasic" name="b" time="0.002"/>
  <system-out/>
  <testcase classname="BasicTestng.TestngBasic" name="d" time="0.001"/>
  <system-out/>
  <testcase classname="BasicTestng.TestngBasic" name="c" time="0.002"/>
  <system-out/>
  <testcase classname="BasicTestng.TestngBasic" name="f" time="0.002"/>
  <system-out/>
  <testcase classname="BasicTestng.TestngBasic" name="a" time="0.001"/>
  <system-out/>
</testsuite> <!-- BasicTestng.TestngBasic -->
