<?xml version="1.0" encoding="UTF-8"?>
<!-- Generated by org.testng.reporters.JUnitReportReporter -->
<testsuite hostname="LAPTOP-HFCPG5NQ" failures="0" tests="6" name="BasicTestng.Basic2" time="0.025" errors="0" timestamp="2021-10-03T14:47:04 IST" skipped="0">
  <testcase classname="BasicTestng.Basic2" name="testSec2" time="0.001"/>
  <system-out/>
  <testcase classname="BasicTestng.Basic2" name="testSec4" time="0.002"/>
  <system-out/>
  <testcase classname="BasicTestng.Basic2" name="testSec6" time="0.003"/>
  <system-out/>
  <testcase classname="BasicTestng.Basic2" name="testSec3" time="0.001"/>
  <system-out/>
  <testcase classname="BasicTestng.Basic2" name="testSec1" time="0.016"/>
  <system-out/>
  <testcase classname="BasicTestng.Basic2" name="testSec5" time="0.002"/>
  <system-out/>
</testsuite> <!-- BasicTestng.Basic2 -->
