<?xml version="1.0" encoding="UTF-8"?>
<!-- Generated by org.testng.reporters.JUnitReportReporter -->
<testsuite hostname="LAPTOP-HFCPG5NQ" failures="0" tests="1" name="org.letcode.test.TC003HomeTilte" time="8.950" errors="0" timestamp="2021-09-18T18:49:53 IST" skipped="0">
  <testcase classname="org.letcode.test.TC003HomeTilte" name="Hometitlename" time="8.950"/>
  <system-out/>
</testsuite> <!-- org.letcode.test.TC003HomeTilte -->
