<?xml version="1.0" encoding="UTF-8"?>
<!-- Generated by org.testng.reporters.JUnitReportReporter -->
<testsuite hostname="LAPTOP-HFCPG5NQ" failures="0" tests="1" name="org.fbpage.test.FbPageTest" time="4.940" errors="0" timestamp="2021-09-19T19:13:46 IST" skipped="0">
  <testcase classname="org.fbpage.test.FbPageTest" name="loginFaceBook" time="4.940"/>
  <system-out/>
</testsuite> <!-- org.fbpage.test.FbPageTest -->
