<?xml version="1.0" encoding="UTF-8"?>
<!-- Generated by org.testng.reporters.JUnitReportReporter -->
<testsuite hostname="LAPTOP-HFCPG5NQ" failures="0" tests="2" name="DemoTest.ClassC" time="18.872" errors="0" timestamp="2021-09-27T20:44:50 IST" skipped="1">
  <testcase classname="DemoTest.ClassC" name="MyntraTest" time="18.872"/>
  <system-out/>
  <testcase classname="DemoTest.ClassC" name="MyntraTest" time="0.000">
    <skipped/>
  </testcase> <!-- MyntraTest -->
  <system-out/>
</testsuite> <!-- DemoTest.ClassC -->
