<?xml version="1.0" encoding="UTF-8"?>
<!-- Generated by org.testng.reporters.JUnitReportReporter -->
<testsuite hostname="LAPTOP-HFCPG5NQ" failures="0" tests="3" name="org.letcode.test.TC001Login" time="20.474" errors="0" timestamp="2021-09-23T19:45:16 IST" skipped="0">
  <testcase classname="org.letcode.test.TC001Login" name="LoginTest" time="6.501"/>
  <system-out/>
  <testcase classname="org.letcode.test.TC001Login" name="LoginTest" time="8.396"/>
  <system-out/>
  <testcase classname="org.letcode.test.TC001Login" name="LoginTest" time="5.577"/>
  <system-out/>
</testsuite> <!-- org.letcode.test.TC001Login -->
