<?xml version="1.0" encoding="UTF-8"?>
<!-- Generated by org.testng.reporters.JUnitReportReporter -->
<testsuite hostname="LAPTOP-HFCPG5NQ" failures="0" tests="3" name="com.letcode.testcases.in.TC001Login" time="24.390" errors="0" timestamp="2021-10-03T15:30:30 IST" skipped="0">
  <testcase classname="com.letcode.testcases.in.TC001Login" name="LoginTest" time="7.286"/>
  <system-out/>
  <testcase classname="com.letcode.testcases.in.TC001Login" name="LoginTest" time="10.216"/>
  <system-out/>
  <testcase classname="com.letcode.testcases.in.TC001Login" name="LoginTest" time="6.888"/>
  <system-out/>
</testsuite> <!-- com.letcode.testcases.in.TC001Login -->
